<?xml version="1.0" encoding="UTF-8"?>
<!-- Generated by org.testng.reporters.JUnitXMLReporter -->
<testsuite ignored="0" hostname="RenuM" failures="0" tests="4" name="Default test" time="24.315" errors="0" timestamp="2026-09-24T10:16:27 IST">
  <testcase classname="com.qa.testes.HelloTest" name="verifyHelloWord" time="0.02"/>
  <testcase classname="com.qa.testes.Locators" name="Locateit" time="3.342"/>
  <testcase classname="com.qa.testes.Verifytitle" name="verifytitlef" time="2.319"/>
  <testcase classname="com.qa.testes.Loginhrm" name="logintest" time="18.555"/>
</testsuite> <!-- Default test -->
