<?xml version="1.0" encoding="UTF-8"?>
<!-- Generated by org.testng.reporters.JUnitXMLReporter -->
<testsuite ignored="0" hostname="RenuM" failures="0" tests="5" name="Default test" time="18.165" errors="0" timestamp="2026-09-24T10:45:08 IST">
  <testcase classname="com.qa.testes.HelloTest" name="verifyHelloWord" time="0.022"/>
  <testcase classname="com.qa.testes.Locators" name="Locateit" time="3.383"/>
  <testcase classname="com.qa.testes.Verifytitle" name="verifytitlef" time="2.3"/>
  <testcase classname="com.qa.testes.Loginhrm" name="logintest" time="7.24"/>
  <testcase classname="testes.LoginTest" name="logintests" time="5.129"/>
</testsuite> <!-- Default test -->
